<?xml version="1.0" encoding="UTF-8"?>
<!-- Generated by org.testng.reporters.JUnitReportReporter -->
<testsuite hostname="LAPTOP-K09CICCI" failures="0" tests="1" name="test.LoginPageTest" time="9.924" errors="0" timestamp="26 Apr 2019 19:44:51 GMT">
  <testcase classname="test.LoginPageTest" name="TechfiosLogintest" time="9.924"/>
</testsuite> <!-- test.LoginPageTest -->
