<?xml version="1.0" encoding="UTF-8"?>
<!-- Generated by org.testng.reporters.JUnitReportReporter -->
<testsuite hostname="LAPTOP-K09CICCI" failures="0" tests="1" name="test.AddContactTest" time="30.339" errors="0" timestamp="26 Apr 2019 21:55:56 GMT">
  <testcase classname="test.AddContactTest" name="AddingContact" time="30.339"/>
</testsuite> <!-- test.AddContactTest -->
